SF:lib/auth/bloc.dart
DA:10,2
DA:11,1
DA:12,4
DA:13,4
DA:14,4
DA:15,4
DA:18,1
DA:20,2
DA:23,4
DA:25,2
DA:27,2
DA:30,4
DA:34,1
DA:37,2
DA:38,2
DA:40,2
DA:45,1
DA:48,2
DA:51,2
DA:53,2
DA:56,3
LF:21
LH:21
end_of_record
SF:lib/auth/event.dart
DA:7,1
DA:17,0
LF:2
LH:1
end_of_record
SF:lib/auth/state.dart
DA:4,1
DA:5,1
DA:17,1
DA:19,1
DA:20,2
LF:5
LH:5
end_of_record
SF:lib/auth/repository.dart
DA:10,0
DA:11,0
DA:16,0
DA:17,0
DA:18,0
DA:19,0
DA:20,0
DA:21,0
DA:22,0
DA:23,0
DA:27,0
DA:29,0
DA:33,0
DA:34,0
DA:35,0
DA:38,0
DA:39,0
DA:40,0
DA:43,0
DA:44,0
DA:45,0
DA:49,0
DA:50,0
DA:51,0
DA:52,0
DA:56,0
DA:58,0
DA:62,0
DA:63,0
DA:64,0
DA:67,0
DA:75,0
DA:76,0
DA:77,0
LF:34
LH:0
end_of_record
SF:lib/services/api_service.dart
DA:8,0
DA:10,0
DA:12,0
DA:14,0
DA:15,0
DA:18,0
DA:19,0
DA:25,0
DA:30,0
DA:31,0
DA:32,0
DA:36,0
DA:40,0
DA:45,0
DA:46,0
DA:52,0
LF:16
LH:0
end_of_record
SF:lib/main.dart
DA:9,0
DA:10,0
DA:14,2
DA:16,1
DA:18,1
DA:19,1
DA:20,1
DA:21,2
DA:23,1
DA:24,0
DA:27,1
DA:29,1
LF:12
LH:9
end_of_record
SF:lib/screens/login_screen.dart
DA:12,1
DA:16,1
DA:36,1
DA:38,1
DA:39,1
DA:48,0
DA:49,0
DA:50,0
DA:54,0
DA:55,0
DA:56,0
DA:57,0
DA:58,0
DA:59,0
DA:60,0
DA:64,1
DA:66,3
DA:67,2
DA:69,1
DA:70,0
DA:71,0
DA:72,0
DA:73,0
DA:75,0
DA:77,0
DA:79,0
DA:84,1
DA:85,1
DA:86,1
DA:88,1
DA:89,1
DA:91,1
DA:93,1
DA:94,1
DA:95,1
DA:96,1
DA:97,1
DA:98,1
DA:100,1
DA:102,1
DA:106,2
DA:107,1
DA:109,1
DA:111,1
DA:114,2
DA:115,1
DA:117,1
DA:118,0
DA:119,0
DA:125,2
DA:126,1
DA:128,1
DA:129,1
DA:130,2
DA:131,1
DA:133,1
DA:134,2
DA:137,2
DA:140,2
DA:144,1
DA:145,1
DA:146,1
DA:147,1
DA:149,1
DA:152,2
DA:153,1
DA:154,0
DA:155,0
DA:157,1
DA:158,3
DA:160,3
DA:162,1
DA:163,1
DA:166,1
DA:168,1
DA:170,1
DA:172,1
LF:77
LH:56
end_of_record
SF:lib/user/bloc.dart
DA:9,0
DA:10,0
DA:12,0
DA:14,0
DA:17,0
DA:18,0
DA:20,0
LF:7
LH:0
end_of_record
SF:lib/widgets/title_container.dart
DA:4,1
DA:8,1
DA:10,1
DA:13,1
DA:14,1
DA:15,1
DA:16,3
DA:17,3
DA:23,1
DA:25,1
DA:26,1
DA:27,4
DA:28,4
LF:13
LH:13
end_of_record
SF:lib/widgets/input_fields.dart
DA:17,1
DA:33,1
DA:35,1
DA:36,1
DA:37,1
DA:38,1
DA:39,1
DA:40,1
DA:41,1
DA:42,1
DA:43,1
DA:44,1
DA:48,3
DA:49,1
DA:50,1
DA:51,1
DA:52,1
DA:54,4
DA:55,1
DA:56,1
DA:58,4
DA:59,1
DA:60,1
DA:61,1
DA:62,1
LF:25
LH:25
end_of_record
SF:lib/user/event.dart
DA:6,0
LF:1
LH:0
end_of_record
SF:lib/user/state.dart
DA:5,0
DA:6,0
DA:16,0
DA:18,0
DA:19,0
DA:25,0
DA:27,0
DA:28,0
LF:8
LH:0
end_of_record
SF:lib/user/repository.dart
DA:10,0
DA:11,0
DA:12,0
DA:13,0
DA:15,0
DA:16,0
DA:17,0
DA:18,0
DA:19,0
DA:20,0
DA:21,0
DA:25,0
DA:27,0
LF:13
LH:0
end_of_record
SF:lib/user/model.dart
DA:9,0
DA:13,0
DA:16,0
DA:17,0
DA:18,0
DA:19,0
DA:20,0
DA:25,0
DA:26,0
DA:27,0
DA:28,0
DA:29,0
DA:33,0
DA:34,0
LF:14
LH:0
end_of_record
